-------------------------------------------------------------------------------
Test set: com.nt.service.TestBankService
-------------------------------------------------------------------------------
Tests run: 5, Failures: 0, Errors: 5, Skipped: 0, Time elapsed: 0.075 s <<< FAILURE! -- in com.nt.service.TestBankService
com.nt.service.TestBankService.calculateWithSimpleInterestWithBigValue -- Time elapsed: 0.022 s <<< ERROR!
java.lang.NoClassDefFoundError: org/junit/Assert
	at com.nt.service.TestBankService.calculateWithSimpleInterestWithBigValue(TestBankService.java:34)
	at java.base/java.lang.reflect.Method.invoke(Method.java:580)
	at java.base/java.util.ArrayList.forEach(ArrayList.java:1596)
	at java.base/java.util.ArrayList.forEach(ArrayList.java:1596)
	Suppressed: java.lang.NoClassDefFoundError: org/junit/jupiter/api/AutoClose
		at java.base/java.util.ArrayList.forEach(ArrayList.java:1596)
		... 2 more
	Caused by: java.lang.ClassNotFoundException: org.junit.jupiter.api.AutoClose
		at java.base/jdk.internal.loader.BuiltinClassLoader.loadClass(BuiltinClassLoader.java:641)
		at java.base/jdk.internal.loader.ClassLoaders$AppClassLoader.loadClass(ClassLoaders.java:188)
		at java.base/java.lang.ClassLoader.loadClass(ClassLoader.java:526)
		... 3 more
Caused by: java.lang.ClassNotFoundException: org.junit.Assert
	at java.base/jdk.internal.loader.BuiltinClassLoader.loadClass(BuiltinClassLoader.java:641)
	at java.base/jdk.internal.loader.ClassLoaders$AppClassLoader.loadClass(ClassLoaders.java:188)
	at java.base/java.lang.ClassLoader.loadClass(ClassLoader.java:526)
	... 4 more

com.nt.service.TestBankService.calculateWithSimpleInterestWithInvalidValue -- Time elapsed: 0.005 s <<< ERROR!
java.lang.NoClassDefFoundError: org/junit/function/ThrowingRunnable
	at com.nt.service.TestBankService.calculateWithSimpleInterestWithInvalidValue(TestBankService.java:47)
	at java.base/java.lang.reflect.Method.invoke(Method.java:580)
	at java.base/java.util.ArrayList.forEach(ArrayList.java:1596)
	at java.base/java.util.ArrayList.forEach(ArrayList.java:1596)
	Suppressed: java.lang.NoClassDefFoundError: org/junit/jupiter/api/AutoClose
		at java.base/java.util.ArrayList.forEach(ArrayList.java:1596)
		... 2 more
	Caused by: java.lang.ClassNotFoundException: org.junit.jupiter.api.AutoClose
		... 3 more
Caused by: java.lang.ClassNotFoundException: org.junit.function.ThrowingRunnable
	at java.base/jdk.internal.loader.BuiltinClassLoader.loadClass(BuiltinClassLoader.java:641)
	at java.base/jdk.internal.loader.ClassLoaders$AppClassLoader.loadClass(ClassLoaders.java:188)
	at java.base/java.lang.ClassLoader.loadClass(ClassLoader.java:526)
	... 4 more

com.nt.service.TestBankService.calculateWithSimpleInterestWithTimer -- Time elapsed: 0.008 s <<< ERROR!
java.lang.NoClassDefFoundError: org/junit/jupiter/api/AutoClose
	at java.base/java.util.ArrayList.forEach(ArrayList.java:1596)
	at java.base/java.util.ArrayList.forEach(ArrayList.java:1596)
	at java.base/java.util.ArrayList.forEach(ArrayList.java:1596)
Caused by: java.lang.ClassNotFoundException: org.junit.jupiter.api.AutoClose
	... 3 more

com.nt.service.TestBankService.calculateWithSimpleInterestWithSmallValue -- Time elapsed: 0.004 s <<< ERROR!
java.lang.NoClassDefFoundError: org/junit/Assert
	at com.nt.service.TestBankService.calculateWithSimpleInterestWithSmallValue(TestBankService.java:41)
	at java.base/java.lang.reflect.Method.invoke(Method.java:580)
	at java.base/java.util.ArrayList.forEach(ArrayList.java:1596)
	at java.base/java.util.ArrayList.forEach(ArrayList.java:1596)
	Suppressed: java.lang.NoClassDefFoundError: org/junit/jupiter/api/AutoClose
		at java.base/java.util.ArrayList.forEach(ArrayList.java:1596)
		... 2 more
	Caused by: java.lang.ClassNotFoundException: org.junit.jupiter.api.AutoClose
		... 3 more
Caused by: java.lang.ClassNotFoundException: org.junit.Assert
	... 4 more

com.nt.service.TestBankService -- Time elapsed: 0.075 s <<< ERROR!
java.lang.NoClassDefFoundError: org/junit/jupiter/api/AutoClose
	at java.base/java.util.ArrayList.forEach(ArrayList.java:1596)
Caused by: java.lang.ClassNotFoundException: org.junit.jupiter.api.AutoClose
	... 1 more

