<?xml version="1.0" encoding="UTF-8"?>
<testsuite xmlns:xsi="http://www.w3.org/2001/XMLSchema-instance" xsi:noNamespaceSchemaLocation="https://maven.apache.org/surefire/maven-surefire-plugin/xsd/surefire-test-report.xsd" version="3.0.1" name="com.nt.service.TestBankService" time="0.075" tests="5" errors="5" skipped="0" failures="0">
  <properties>
[...]
</properties>
  <testcase name="calculateWithSimpleInterestWithBigValue" classname="com.nt.service.TestBankService" time="0.022">
    <error message="org/junit/Assert" type="java.lang.NoClassDefFoundError"><![CDATA[java.lang.NoClassDefFoundError: org/junit/Assert
	at com.nt.service.TestBankService.calculateWithSimpleInterestWithBigValue(TestBankService.java:34)
	at java.base/java.lang.reflect.Method.invoke(Method.java:580)
	at java.base/java.util.ArrayList.forEach(ArrayList.java:1596)
	at java.base/java.util.ArrayList.forEach(ArrayList.java:1596)
	Suppressed: java.lang.NoClassDefFoundError: org/junit/jupiter/api/AutoClose
		at java.base/java.util.ArrayList.forEach(ArrayList.java:1596)
		... 2 more
	Caused by: java.lang.ClassNotFoundException: org.junit.jupiter.api.AutoClose
		at java.base/jdk.internal.loader.BuiltinClassLoader.loadClass(BuiltinClassLoader.java:641)
		at java.base/jdk.internal.loader.ClassLoaders$AppClassLoader.loadClass(ClassLoaders.java:188)
		at java.base/java.lang.ClassLoader.loadClass(ClassLoader.java:526)
		... 3 more
Caused by: java.lang.ClassNotFoundException: org.junit.Assert
	at java.base/jdk.internal.loader.BuiltinClassLoader.loadClass(BuiltinClassLoader.java:641)
	at java.base/jdk.internal.loader.ClassLoaders$AppClassLoader.loadClass(ClassLoaders.java:188)
	at java.base/java.lang.ClassLoader.loadClass(ClassLoader.java:526)
	... 4 more
]]></error>
    <system-out><![CDATA[TestBankService.beforeTest()
TestBankService.afterTest()
]]></system-out>
  </testcase>
  <testcase name="calculateWithSimpleInterestWithInvalidValue" classname="com.nt.service.TestBankService" time="0.005">
    <error message="org/junit/function/ThrowingRunnable" type="java.lang.NoClassDefFoundError"><![CDATA[java.lang.NoClassDefFoundError: org/junit/function/ThrowingRunnable
	at com.nt.service.TestBankService.calculateWithSimpleInterestWithInvalidValue(TestBankService.java:47)
	at java.base/java.lang.reflect.Method.invoke(Method.java:580)
	at java.base/java.util.ArrayList.forEach(ArrayList.java:1596)
	at java.base/java.util.ArrayList.forEach(ArrayList.java:1596)
	Suppressed: java.lang.NoClassDefFoundError: org/junit/jupiter/api/AutoClose
		at java.base/java.util.ArrayList.forEach(ArrayList.java:1596)
		... 2 more
	Caused by: java.lang.ClassNotFoundException: org.junit.jupiter.api.AutoClose
		... 3 more
Caused by: java.lang.ClassNotFoundException: org.junit.function.ThrowingRunnable
	at java.base/jdk.internal.loader.BuiltinClassLoader.loadClass(BuiltinClassLoader.java:641)
	at java.base/jdk.internal.loader.ClassLoaders$AppClassLoader.loadClass(ClassLoaders.java:188)
	at java.base/java.lang.ClassLoader.loadClass(ClassLoader.java:526)
	... 4 more
]]></error>
    <system-out><![CDATA[TestBankService.beforeTest()
TestBankService.afterTest()
]]></system-out>
  </testcase>
  <testcase name="calculateWithSimpleInterestWithTimer" classname="com.nt.service.TestBankService" time="0.008">
    <error message="org/junit/jupiter/api/AutoClose" type="java.lang.NoClassDefFoundError"><![CDATA[java.lang.NoClassDefFoundError: org/junit/jupiter/api/AutoClose
	at java.base/java.util.ArrayList.forEach(ArrayList.java:1596)
	at java.base/java.util.ArrayList.forEach(ArrayList.java:1596)
	at java.base/java.util.ArrayList.forEach(ArrayList.java:1596)
Caused by: java.lang.ClassNotFoundException: org.junit.jupiter.api.AutoClose
	... 3 more
]]></error>
    <system-out><![CDATA[TestBankService.beforeTest()
TestBankService.afterTest()
]]></system-out>
  </testcase>
  <testcase name="calculateWithSimpleInterestWithSmallValue" classname="com.nt.service.TestBankService" time="0.004">
    <error message="org/junit/Assert" type="java.lang.NoClassDefFoundError"><![CDATA[java.lang.NoClassDefFoundError: org/junit/Assert
	at com.nt.service.TestBankService.calculateWithSimpleInterestWithSmallValue(TestBankService.java:41)
	at java.base/java.lang.reflect.Method.invoke(Method.java:580)
	at java.base/java.util.ArrayList.forEach(ArrayList.java:1596)
	at java.base/java.util.ArrayList.forEach(ArrayList.java:1596)
	Suppressed: java.lang.NoClassDefFoundError: org/junit/jupiter/api/AutoClose
		at java.base/java.util.ArrayList.forEach(ArrayList.java:1596)
		... 2 more
	Caused by: java.lang.ClassNotFoundException: org.junit.jupiter.api.AutoClose
		... 3 more
Caused by: java.lang.ClassNotFoundException: org.junit.Assert
	... 4 more
]]></error>
    <system-out><![CDATA[TestBankService.beforeTest()
TestBankService.afterTest()
]]></system-out>
  </testcase>
  <testcase name="" classname="com.nt.service.TestBankService" time="0.075">
    <error message="org/junit/jupiter/api/AutoClose" type="java.lang.NoClassDefFoundError"><![CDATA[java.lang.NoClassDefFoundError: org/junit/jupiter/api/AutoClose
	at java.base/java.util.ArrayList.forEach(ArrayList.java:1596)
Caused by: java.lang.ClassNotFoundException: org.junit.jupiter.api.AutoClose
	... 1 more
]]></error>
  </testcase>
</testsuite>